This is pdfTeX, Version 3.14159265-2.6-1.40.15 (TeX Live 2014) (preloaded format=pdflatex 2014.5.25)  3 DEC 2015 09:09
entering extended mode
 restricted \write18 enabled.
 file:line:error style messages enabled.
 %&-line parsing enabled.
**cook_etal_SM_v01.tex
(./cook_etal_SM_v01.tex
LaTeX2e <2014/05/01>
Babel <3.9k> and hyphenation patterns for 78 languages loaded.
(/usr/local/texlive/2014/texmf-dist/tex/latex/base/article.cls
Document Class: article 2007/10/19 v1.4h Standard LaTeX document class
(/usr/local/texlive/2014/texmf-dist/tex/latex/base/size12.clo
File: size12.clo 2007/10/19 v1.4h Standard LaTeX file (size option)
)
\c@part=\count79
\c@section=\count80
\c@subsection=\count81
\c@subsubsection=\count82
\c@paragraph=\count83
\c@subparagraph=\count84
\c@figure=\count85
\c@table=\count86
\abovecaptionskip=\skip41
\belowcaptionskip=\skip42
\bibindent=\dimen102
) (./scicite.sty
LaTeX Info: Redefining \cite on input line 160.
LaTeX Info: Redefining \nocite on input line 227.
Package: scicite 2003/11/04  v 4.01
) (/usr/local/texlive/2014/texmf-dist/tex/latex/graphics/graphicx.sty
Package: graphicx 2014/04/25 v1.0g Enhanced LaTeX Graphics (DPC,SPQR)

(/usr/local/texlive/2014/texmf-dist/tex/latex/graphics/keyval.sty
Package: keyval 2014/05/08 v1.15 key=value parser (DPC)
\KV@toks@=\toks14
)
(/usr/local/texlive/2014/texmf-dist/tex/latex/graphics/graphics.sty
Package: graphics 2009/02/05 v1.0o Standard LaTeX Graphics (DPC,SPQR)

(/usr/local/texlive/2014/texmf-dist/tex/latex/graphics/trig.sty
Package: trig 1999/03/16 v1.09 sin cos tan (DPC)
)
(/usr/local/texlive/2014/texmf-dist/tex/latex/latexconfig/graphics.cfg
File: graphics.cfg 2010/04/23 v1.9 graphics configuration of TeX Live
)
Package graphics Info: Driver file: pdftex.def on input line 91.

(/usr/local/texlive/2014/texmf-dist/tex/latex/pdftex-def/pdftex.def
File: pdftex.def 2011/05/27 v0.06d Graphics/color for pdfTeX

(/usr/local/texlive/2014/texmf-dist/tex/generic/oberdiek/infwarerr.sty
Package: infwarerr 2010/04/08 v1.3 Providing info/warning/error messages (HO)
)
(/usr/local/texlive/2014/texmf-dist/tex/generic/oberdiek/ltxcmds.sty
Package: ltxcmds 2011/11/09 v1.22 LaTeX kernel commands for general use (HO)
)
\Gread@gobject=\count87
))
\Gin@req@height=\dimen103
\Gin@req@width=\dimen104
)
(/usr/local/texlive/2014/texmf-dist/tex/latex/rotating/rotating.sty
Package: rotating 2009/03/28 v2.16a rotated objects in LaTeX

(/usr/local/texlive/2014/texmf-dist/tex/latex/base/ifthen.sty
Package: ifthen 2001/05/26 v1.1c Standard LaTeX ifthen package (DPC)
)
\c@r@tfl@t=\count88
\rotFPtop=\skip43
\rotFPbot=\skip44
\rot@float@box=\box26
\rot@mess@toks=\toks15
)
(/usr/local/texlive/2014/texmf-dist/tex/latex/psnfss/times.sty
Package: times 2005/04/12 PSNFSS-v9.2a (SPQR) 
)
(./cook_etal_SM_v01.aux)
\openout1 = `cook_etal_SM_v01.aux'.

LaTeX Font Info:    Checking defaults for OML/cmm/m/it on input line 25.
LaTeX Font Info:    ... okay on input line 25.
LaTeX Font Info:    Checking defaults for T1/cmr/m/n on input line 25.
LaTeX Font Info:    ... okay on input line 25.
LaTeX Font Info:    Checking defaults for OT1/cmr/m/n on input line 25.
LaTeX Font Info:    ... okay on input line 25.
LaTeX Font Info:    Checking defaults for OMS/cmsy/m/n on input line 25.
LaTeX Font Info:    ... okay on input line 25.
LaTeX Font Info:    Checking defaults for OMX/cmex/m/n on input line 25.
LaTeX Font Info:    ... okay on input line 25.
LaTeX Font Info:    Checking defaults for U/cmr/m/n on input line 25.
LaTeX Font Info:    ... okay on input line 25.
LaTeX Font Info:    Try loading font information for OT1+ptm on input line 25.

(/usr/local/texlive/2014/texmf-dist/tex/latex/psnfss/ot1ptm.fd
File: ot1ptm.fd 2001/06/04 font definitions for OT1/ptm.
)
(/usr/local/texlive/2014/texmf-dist/tex/context/base/supp-pdf.mkii
[Loading MPS to PDF converter (version 2006.09.02).]
\scratchcounter=\count89
\scratchdimen=\dimen105
\scratchbox=\box27
\nofMPsegments=\count90
\nofMParguments=\count91
\everyMPshowfont=\toks16
\MPscratchCnt=\count92
\MPscratchDim=\dimen106
\MPnumerator=\count93
\makeMPintoPDFobject=\count94
\everyMPtoPDFconversion=\toks17
) (/usr/local/texlive/2014/texmf-dist/tex/generic/oberdiek/pdftexcmds.sty
Package: pdftexcmds 2011/11/29 v0.20 Utility functions of pdfTeX for LuaTeX (HO
)

(/usr/local/texlive/2014/texmf-dist/tex/generic/oberdiek/ifluatex.sty
Package: ifluatex 2010/03/01 v1.3 Provides the ifluatex switch (HO)
Package ifluatex Info: LuaTeX not detected.
)
(/usr/local/texlive/2014/texmf-dist/tex/generic/oberdiek/ifpdf.sty
Package: ifpdf 2011/01/30 v2.3 Provides the ifpdf switch (HO)
Package ifpdf Info: pdfTeX in PDF mode is detected.
)
Package pdftexcmds Info: LuaTeX not detected.
Package pdftexcmds Info: \pdf@primitive is available.
Package pdftexcmds Info: \pdf@ifprimitive is available.
Package pdftexcmds Info: \pdfdraftmode found.
)
(/usr/local/texlive/2014/texmf-dist/tex/latex/oberdiek/epstopdf-base.sty
Package: epstopdf-base 2010/02/09 v2.5 Base part for package epstopdf

(/usr/local/texlive/2014/texmf-dist/tex/latex/oberdiek/grfext.sty
Package: grfext 2010/08/19 v1.1 Manage graphics extensions (HO)

(/usr/local/texlive/2014/texmf-dist/tex/generic/oberdiek/kvdefinekeys.sty
Package: kvdefinekeys 2011/04/07 v1.3 Define keys (HO)
))
(/usr/local/texlive/2014/texmf-dist/tex/latex/oberdiek/kvoptions.sty
Package: kvoptions 2011/06/30 v3.11 Key value format for package options (HO)

(/usr/local/texlive/2014/texmf-dist/tex/generic/oberdiek/kvsetkeys.sty
Package: kvsetkeys 2012/04/25 v1.16 Key value parser (HO)

(/usr/local/texlive/2014/texmf-dist/tex/generic/oberdiek/etexcmds.sty
Package: etexcmds 2011/02/16 v1.5 Avoid name clashes with e-TeX commands (HO)
Package etexcmds Info: Could not find \expanded.
(etexcmds)             That can mean that you are not using pdfTeX 1.50 or
(etexcmds)             that some package has redefined \expanded.
(etexcmds)             In the latter case, load this package earlier.
)))
Package grfext Info: Graphics extension search list:
(grfext)             [.png,.pdf,.jpg,.mps,.jpeg,.jbig2,.jb2,.PNG,.PDF,.JPG,.JPE
G,.JBIG2,.JB2,.eps]
(grfext)             \AppendGraphicsExtensions on input line 452.

(/usr/local/texlive/2014/texmf-dist/tex/latex/latexconfig/epstopdf-sys.cfg
File: epstopdf-sys.cfg 2010/07/13 v1.3 Configuration of (r)epstopdf for TeX Liv
e
))
LaTeX Font Info:    External font `cmex10' loaded for size
(Font)              <14.4> on input line 27.
LaTeX Font Info:    External font `cmex10' loaded for size
(Font)              <7> on input line 27.
LaTeX Font Info:    Font shape `OT1/ptm/bx/n' in size <17.28> not available
(Font)              Font shape `OT1/ptm/b/n' tried instead on input line 29.
LaTeX Font Info:    External font `cmex10' loaded for size
(Font)              <12> on input line 30.
LaTeX Font Info:    External font `cmex10' loaded for size
(Font)              <8> on input line 30.
LaTeX Font Info:    External font `cmex10' loaded for size
(Font)              <6> on input line 30.

[1

{/usr/local/texlive/2014/texmf-var/fonts/map/pdftex/updmap/pdftex.map}]
Overfull \hbox (19.87933pt too wide) in paragraph at lines 39--41
\OT1/ptm/m/n/12 Interpretations of the com-pos-ite cli-mate anomaly anal-y-ses 
(Fig-ure 4, main manuscript)
 []

[2] [3]
Overfull \hbox (0.40434pt too wide) in paragraph at lines 46--48
\OT1/ptm/m/n/12 (in-stru-men-tal data is not avail-able prior to 1901) (Sup-ple
-men-tal Fig-ure 18). Shown
 []

[4] [5] (./cook_etal_SM_v01.bbl
LaTeX Font Info:    Font shape `OT1/ptm/bx/n' in size <12> not available
(Font)              Font shape `OT1/ptm/b/n' tried instead on input line 15.
LaTeX Font Info:    Try loading font information for OT1+pcr on input line 17.

(/usr/local/texlive/2014/texmf-dist/tex/latex/psnfss/ot1pcr.fd
File: ot1pcr.fd 2001/06/04 font definitions for OT1/pcr.
)
Underfull \hbox (badness 1112) in paragraph at lines 9--18
\OT1/ptm/m/n/12 Soil Moisture--Atmosphere In-ter-ac-tions dur-ing the 2003 Eu-r
o-pean Sum-
 []


Underfull \hbox (badness 1616) in paragraph at lines 9--18
\OT1/ptm/m/n/12 mer Heat Wave.  \OT1/ptm/m/it/12 Jour-nal of Cli-mate \OT1/ptm/
b/n/12 20\OT1/ptm/m/n/12 , 5081--5099 (2007).  URL
 []

)
LaTeX Font Info:    External font `cmex10' loaded for size
(Font)              <10.95> on input line 63.
LaTeX Font Info:    Font shape `OT1/ptm/bx/n' in size <10.95> not available
(Font)              Font shape `OT1/ptm/b/n' tried instead on input line 65.

Overfull \hbox (8.63359pt too wide) in paragraph at lines 63--77
 [][] 
 []


Overfull \hbox (20.69978pt too wide) in paragraph at lines 213--229
 [][] 
 []

[6] [7] [8] [9] <SUPP_fig_01_map_sites.png, id=40, 500.8311pt x 491.436pt>
File: SUPP_fig_01_map_sites.png Graphic file (type png)

<use SUPP_fig_01_map_sites.png>
Package pdftex.def Info: SUPP_fig_01_map_sites.png used on input line 287.
(pdftex.def)             Requested size: 1001.65976pt x 982.8696pt.
 [10] [11] [12] [13] [14] [15 <./SUPP_fig_01_map_sites.png (PNG copy)>]
<SUPP_fig_02_numobs.png, id=60, 622.2447pt x 465.6597pt>
File: SUPP_fig_02_numobs.png Graphic file (type png)

<use SUPP_fig_02_numobs.png>
Package pdftex.def Info: SUPP_fig_02_numobs.png used on input line 295.
(pdftex.def)             Requested size: 1244.48639pt x 931.31711pt.

<SUPP_fig_03_core_vs_sites.png, id=61, 1877.3337pt x 1344.4629pt>
File: SUPP_fig_03_core_vs_sites.png Graphic file (type png)

<use SUPP_fig_03_core_vs_sites.png>
Package pdftex.def Info: SUPP_fig_03_core_vs_sites.png used on input line 301.
(pdftex.def)             Requested size: 3754.65826pt x 2688.91925pt.

<SUPP_fig_04_Als_MJJ_climate_onedeg_withtrend.png, id=62, 1246.6575pt x 1657.15
11pt>
File: SUPP_fig_04_Als_MJJ_climate_onedeg_withtrend.png Graphic file (type png)
 <use SUPP_fig_04_Als_MJJ_climate_onedeg_withtrend.png>
Package pdftex.def Info: SUPP_fig_04_Als_MJJ_climate_onedeg_withtrend.png used 
on input line 307.
(pdftex.def)             Requested size: 2493.30893pt x 3314.2941pt.


LaTeX Warning: Float too large for page by 17.62566pt on input line 309.


<SUPP_fig_05_Bor_MJJ_climate_onedeg_withtrend.png, id=63, 1246.6575pt x 1657.15
11pt>
File: SUPP_fig_05_Bor_MJJ_climate_onedeg_withtrend.png Graphic file (type png)
 <use SUPP_fig_05_Bor_MJJ_climate_onedeg_withtrend.png>
Package pdftex.def Info: SUPP_fig_05_Bor_MJJ_climate_onedeg_withtrend.png used 
on input line 313.
(pdftex.def)             Requested size: 2493.30893pt x 3314.2941pt.

<SUPP_fig_06_Bur_MJJ_climate_onedeg_withtrend.png, id=64, 1246.6575pt x 1657.15
11pt>
File: SUPP_fig_06_Bur_MJJ_climate_onedeg_withtrend.png Graphic file (type png)
 <use SUPP_fig_06_Bur_MJJ_climate_onedeg_withtrend.png>
Package pdftex.def Info: SUPP_fig_06_Bur_MJJ_climate_onedeg_withtrend.png used 
on input line 319.
(pdftex.def)             Requested size: 2493.30893pt x 3314.2941pt.

<SUPP_fig_07_Cha1_MJJ_climate_onedeg_withtrend.png, id=65, 1246.6575pt x 1657.1
511pt>
File: SUPP_fig_07_Cha1_MJJ_climate_onedeg_withtrend.png Graphic file (type png)

 <use SUPP_fig_07_Cha1_MJJ_climate_onedeg_withtrend.png>
Package pdftex.def Info: SUPP_fig_07_Cha1_MJJ_climate_onedeg_withtrend.png used
 on input line 325.
(pdftex.def)             Requested size: 2493.30893pt x 3314.2941pt.

<SUPP_fig_08_Lan_MJJ_climate_onedeg_withtrend.png, id=66, 1246.6575pt x 1657.15
11pt>
File: SUPP_fig_08_Lan_MJJ_climate_onedeg_withtrend.png Graphic file (type png)
 <use SUPP_fig_08_Lan_MJJ_climate_onedeg_withtrend.png>
Package pdftex.def Info: SUPP_fig_08_Lan_MJJ_climate_onedeg_withtrend.png used 
on input line 331.
(pdftex.def)             Requested size: 2493.30893pt x 3314.2941pt.

<SUPP_fig_09_LLV_MJJ_climate_onedeg_withtrend.png, id=67, 1246.6575pt x 1657.15
11pt>
File: SUPP_fig_09_LLV_MJJ_climate_onedeg_withtrend.png Graphic file (type png)
 <use SUPP_fig_09_LLV_MJJ_climate_onedeg_withtrend.png>
Package pdftex.def Info: SUPP_fig_09_LLV_MJJ_climate_onedeg_withtrend.png used 
on input line 337.
(pdftex.def)             Requested size: 2493.30893pt x 3314.2941pt.

<SUPP_fig_10_SRv_MJJ_climate_onedeg_withtrend.png, id=68, 1246.6575pt x 1657.15
11pt>
File: SUPP_fig_10_SRv_MJJ_climate_onedeg_withtrend.png Graphic file (type png)
 <use SUPP_fig_10_SRv_MJJ_climate_onedeg_withtrend.png>
Package pdftex.def Info: SUPP_fig_10_SRv_MJJ_climate_onedeg_withtrend.png used 
on input line 343.
(pdftex.def)             Requested size: 2493.30893pt x 3314.2941pt.

<SUPP_fig_11_SWi_MJJ_climate_onedeg_withtrend.png, id=69, 1246.6575pt x 1657.15
11pt>
File: SUPP_fig_11_SWi_MJJ_climate_onedeg_withtrend.png Graphic file (type png)
 <use SUPP_fig_11_SWi_MJJ_climate_onedeg_withtrend.png>
Package pdftex.def Info: SUPP_fig_11_SWi_MJJ_climate_onedeg_withtrend.png used 
on input line 349.
(pdftex.def)             Requested size: 2493.30893pt x 3314.2941pt.

<SUPP_fig_12_temp_vs_moist_MJJ.png, id=70, 836.1639pt x 758.835pt>
File: SUPP_fig_12_temp_vs_moist_MJJ.png Graphic file (type png)

<use SUPP_fig_12_temp_vs_moist_MJJ.png>
Package pdftex.def Info: SUPP_fig_12_temp_vs_moist_MJJ.png used on input line 3
55.
(pdftex.def)             Requested size: 1672.3237pt x 1517.66632pt.

<SUPP_fig_13_JJA_clim_regplots.png, id=71, 1215.5814pt x 768.9528pt>
File: SUPP_fig_13_JJA_clim_regplots.png Graphic file (type png)

<use SUPP_fig_13_JJA_clim_regplots.png>
Package pdftex.def Info: SUPP_fig_13_JJA_clim_regplots.png used on input line 3
61.
(pdftex.def)             Requested size: 2431.15689pt x 1537.90186pt.

<SUPP_fig_14_temp_vs_moist_JJA.png, id=72, 836.1639pt x 758.835pt>
File: SUPP_fig_14_temp_vs_moist_JJA.png Graphic file (type png)

<use SUPP_fig_14_temp_vs_moist_JJA.png>
Package pdftex.def Info: SUPP_fig_14_temp_vs_moist_JJA.png used on input line 3
67.
(pdftex.def)             Requested size: 1672.3237pt x 1517.66632pt.

<SUPP_fig_15_JJA_boxplot_monte.png, id=73, 1392.6429pt x 1217.9904pt>
File: SUPP_fig_15_JJA_boxplot_monte.png Graphic file (type png)

<use SUPP_fig_15_JJA_boxplot_monte.png>
Package pdftex.def Info: SUPP_fig_15_JJA_boxplot_monte.png used on input line 3
73.
(pdftex.def)             Requested size: 2785.27902pt x 2435.97488pt.

<SUPP_fig_16_clonetest_Lan.png, id=74, 1258.7025pt x 1151.2611pt>
File: SUPP_fig_16_clonetest_Lan.png Graphic file (type png)

<use SUPP_fig_16_clonetest_Lan.png>
Package pdftex.def Info: SUPP_fig_16_clonetest_Lan.png used on input line 379.
(pdftex.def)             Requested size: 2517.39886pt x 2302.5166pt.

<SUPP_fig_17_clonetest_GHDcore.png, id=75, 1258.7025pt x 1204.5pt>
File: SUPP_fig_17_clonetest_GHDcore.png Graphic file (type png)

<use SUPP_fig_17_clonetest_GHDcore.png>
Package pdftex.def Info: SUPP_fig_17_clonetest_GHDcore.png used on input line 3
85.
(pdftex.def)             Requested size: 2517.39886pt x 2408.99414pt.

<SUPP_fig_18_regress_ghdcore_phylloxera.png, id=76, 2858.7603pt x 1797.114pt>
File: SUPP_fig_18_regress_ghdcore_phylloxera.png Graphic file (type png)

<use SUPP_fig_18_regress_ghdcore_phylloxera.png>
Package pdftex.def Info: SUPP_fig_18_regress_ghdcore_phylloxera.png used on inp
ut line 391.
(pdftex.def)             Requested size: 5717.50671pt x 3594.21927pt.
 [16 <./SUPP_fig_02_numobs.png (PNG copy)>] [17 <./SUPP_fig_03_core_vs_sites.pn
g (PNG copy)>] [18 <./SUPP_fig_04_Als_MJJ_climate_onedeg_withtrend.png (PNG cop
y)>] [19 <./SUPP_fig_05_Bor_MJJ_climate_onedeg_withtrend.png (PNG copy)>] [20 <
./SUPP_fig_06_Bur_MJJ_climate_onedeg_withtrend.png (PNG copy)>] [21 <./SUPP_fig
_07_Cha1_MJJ_climate_onedeg_withtrend.png (PNG copy)>] [22 <./SUPP_fig_08_Lan_M
JJ_climate_onedeg_withtrend.png (PNG copy)>] [23 <./SUPP_fig_09_LLV_MJJ_climate
_onedeg_withtrend.png (PNG copy)>] [24 <./SUPP_fig_10_SRv_MJJ_climate_onedeg_wi
thtrend.png (PNG copy)>]
[25 <./SUPP_fig_11_SWi_MJJ_climate_onedeg_withtrend.png (PNG copy)>] [26 <./SUP
P_fig_12_temp_vs_moist_MJJ.png (PNG copy)>] [27 <./SUPP_fig_13_JJA_clim_regplot
s.png (PNG copy)>] [28 <./SUPP_fig_14_temp_vs_moist_JJA.png (PNG copy)>]
[29 <./SUPP_fig_15_JJA_boxplot_monte.png (PNG copy)>] [30 <./SUPP_fig_16_clonet
est_Lan.png (PNG copy)>] [31 <./SUPP_fig_17_clonetest_GHDcore.png (PNG copy)>]
[32 <./SUPP_fig_18_regress_ghdcore_phylloxera.png (PNG copy)>]
(./cook_etal_SM_v01.aux) ) 
Here is how much of TeX's memory you used:
 1872 strings out of 493117
 29134 string characters out of 6135433
 112544 words of memory out of 5000000
 5294 multiletter control sequences out of 15000+600000
 23714 words of font info for 50 fonts, out of 8000000 for 9000
 1141 hyphenation exceptions out of 8191
 38i,14n,23p,1178b,340s stack positions out of 5000i,500n,10000p,200000b,80000s
{/usr/local/texlive/2014/texmf-dist/fonts/enc/dvips/b
ase/8r.enc}</usr/local/texlive/2014/texmf-dist/fonts/type1/public/amsfonts/cm/c
mmi10.pfb></usr/local/texlive/2014/texmf-dist/fonts/type1/public/amsfonts/cm/cm
mi12.pfb></usr/local/texlive/2014/texmf-dist/fonts/type1/public/amsfonts/cm/cmr
10.pfb></usr/local/texlive/2014/texmf-dist/fonts/type1/public/amsfonts/cm/cmr12
.pfb></usr/local/texlive/2014/texmf-dist/fonts/type1/public/amsfonts/cm/cmsy10.
pfb></usr/local/texlive/2014/texmf-dist/fonts/type1/urw/courier/ucrr8a.pfb></us
r/local/texlive/2014/texmf-dist/fonts/type1/urw/times/utmb8a.pfb></usr/local/te
xlive/2014/texmf-dist/fonts/type1/urw/times/utmr8a.pfb></usr/local/texlive/2014
/texmf-dist/fonts/type1/urw/times/utmri8a.pfb>
Output written on cook_etal_SM_v01.pdf (32 pages, 30361489 bytes).
PDF statistics:
 162 PDF objects out of 1000 (max. 8388607)
 100 compressed objects within 1 object stream
 0 named destinations out of 1000 (max. 500000)
 91 words of extra memory for PDF output out of 10000 (max. 10000000)

