This is pdfTeX, Version 3.14159265-2.6-1.40.15 (TeX Live 2014) (preloaded format=pdflatex 2014.5.25)  1 APR 2015 10:24
entering extended mode
 restricted \write18 enabled.
 file:line:error style messages enabled.
 %&-line parsing enabled.
**cook_etal_SM_v01.tex
(./cook_etal_SM_v01.tex
LaTeX2e <2014/05/01>
Babel <3.9k> and hyphenation patterns for 78 languages loaded.
(/usr/local/texlive/2014/texmf-dist/tex/latex/base/article.cls
Document Class: article 2007/10/19 v1.4h Standard LaTeX document class
(/usr/local/texlive/2014/texmf-dist/tex/latex/base/size12.clo
File: size12.clo 2007/10/19 v1.4h Standard LaTeX file (size option)
)
\c@part=\count79
\c@section=\count80
\c@subsection=\count81
\c@subsubsection=\count82
\c@paragraph=\count83
\c@subparagraph=\count84
\c@figure=\count85
\c@table=\count86
\abovecaptionskip=\skip41
\belowcaptionskip=\skip42
\bibindent=\dimen102
) (./scicite.sty
LaTeX Info: Redefining \cite on input line 160.
LaTeX Info: Redefining \nocite on input line 227.
Package: scicite 2003/11/04  v 4.01
) (/usr/local/texlive/2014/texmf-dist/tex/latex/graphics/graphicx.sty
Package: graphicx 2014/04/25 v1.0g Enhanced LaTeX Graphics (DPC,SPQR)

(/usr/local/texlive/2014/texmf-dist/tex/latex/graphics/keyval.sty
Package: keyval 2014/05/08 v1.15 key=value parser (DPC)
\KV@toks@=\toks14
)
(/usr/local/texlive/2014/texmf-dist/tex/latex/graphics/graphics.sty
Package: graphics 2009/02/05 v1.0o Standard LaTeX Graphics (DPC,SPQR)

(/usr/local/texlive/2014/texmf-dist/tex/latex/graphics/trig.sty
Package: trig 1999/03/16 v1.09 sin cos tan (DPC)
)
(/usr/local/texlive/2014/texmf-dist/tex/latex/latexconfig/graphics.cfg
File: graphics.cfg 2010/04/23 v1.9 graphics configuration of TeX Live
)
Package graphics Info: Driver file: pdftex.def on input line 91.

(/usr/local/texlive/2014/texmf-dist/tex/latex/pdftex-def/pdftex.def
File: pdftex.def 2011/05/27 v0.06d Graphics/color for pdfTeX

(/usr/local/texlive/2014/texmf-dist/tex/generic/oberdiek/infwarerr.sty
Package: infwarerr 2010/04/08 v1.3 Providing info/warning/error messages (HO)
)
(/usr/local/texlive/2014/texmf-dist/tex/generic/oberdiek/ltxcmds.sty
Package: ltxcmds 2011/11/09 v1.22 LaTeX kernel commands for general use (HO)
)
\Gread@gobject=\count87
))
\Gin@req@height=\dimen103
\Gin@req@width=\dimen104
)
(/usr/local/texlive/2014/texmf-dist/tex/latex/rotating/rotating.sty
Package: rotating 2009/03/28 v2.16a rotated objects in LaTeX

(/usr/local/texlive/2014/texmf-dist/tex/latex/base/ifthen.sty
Package: ifthen 2001/05/26 v1.1c Standard LaTeX ifthen package (DPC)
)
\c@r@tfl@t=\count88
\rotFPtop=\skip43
\rotFPbot=\skip44
\rot@float@box=\box26
\rot@mess@toks=\toks15
)
(/usr/local/texlive/2014/texmf-dist/tex/latex/psnfss/times.sty
Package: times 2005/04/12 PSNFSS-v9.2a (SPQR) 
)
(./cook_etal_SM_v01.aux)
\openout1 = `cook_etal_SM_v01.aux'.

LaTeX Font Info:    Checking defaults for OML/cmm/m/it on input line 24.
LaTeX Font Info:    ... okay on input line 24.
LaTeX Font Info:    Checking defaults for T1/cmr/m/n on input line 24.
LaTeX Font Info:    ... okay on input line 24.
LaTeX Font Info:    Checking defaults for OT1/cmr/m/n on input line 24.
LaTeX Font Info:    ... okay on input line 24.
LaTeX Font Info:    Checking defaults for OMS/cmsy/m/n on input line 24.
LaTeX Font Info:    ... okay on input line 24.
LaTeX Font Info:    Checking defaults for OMX/cmex/m/n on input line 24.
LaTeX Font Info:    ... okay on input line 24.
LaTeX Font Info:    Checking defaults for U/cmr/m/n on input line 24.
LaTeX Font Info:    ... okay on input line 24.
LaTeX Font Info:    Try loading font information for OT1+ptm on input line 24.

(/usr/local/texlive/2014/texmf-dist/tex/latex/psnfss/ot1ptm.fd
File: ot1ptm.fd 2001/06/04 font definitions for OT1/ptm.
)
(/usr/local/texlive/2014/texmf-dist/tex/context/base/supp-pdf.mkii
[Loading MPS to PDF converter (version 2006.09.02).]
\scratchcounter=\count89
\scratchdimen=\dimen105
\scratchbox=\box27
\nofMPsegments=\count90
\nofMParguments=\count91
\everyMPshowfont=\toks16
\MPscratchCnt=\count92
\MPscratchDim=\dimen106
\MPnumerator=\count93
\makeMPintoPDFobject=\count94
\everyMPtoPDFconversion=\toks17
) (/usr/local/texlive/2014/texmf-dist/tex/generic/oberdiek/pdftexcmds.sty
Package: pdftexcmds 2011/11/29 v0.20 Utility functions of pdfTeX for LuaTeX (HO
)

(/usr/local/texlive/2014/texmf-dist/tex/generic/oberdiek/ifluatex.sty
Package: ifluatex 2010/03/01 v1.3 Provides the ifluatex switch (HO)
Package ifluatex Info: LuaTeX not detected.
)
(/usr/local/texlive/2014/texmf-dist/tex/generic/oberdiek/ifpdf.sty
Package: ifpdf 2011/01/30 v2.3 Provides the ifpdf switch (HO)
Package ifpdf Info: pdfTeX in PDF mode is detected.
)
Package pdftexcmds Info: LuaTeX not detected.
Package pdftexcmds Info: \pdf@primitive is available.
Package pdftexcmds Info: \pdf@ifprimitive is available.
Package pdftexcmds Info: \pdfdraftmode found.
)
(/usr/local/texlive/2014/texmf-dist/tex/latex/oberdiek/epstopdf-base.sty
Package: epstopdf-base 2010/02/09 v2.5 Base part for package epstopdf

(/usr/local/texlive/2014/texmf-dist/tex/latex/oberdiek/grfext.sty
Package: grfext 2010/08/19 v1.1 Manage graphics extensions (HO)

(/usr/local/texlive/2014/texmf-dist/tex/generic/oberdiek/kvdefinekeys.sty
Package: kvdefinekeys 2011/04/07 v1.3 Define keys (HO)
))
(/usr/local/texlive/2014/texmf-dist/tex/latex/oberdiek/kvoptions.sty
Package: kvoptions 2011/06/30 v3.11 Key value format for package options (HO)

(/usr/local/texlive/2014/texmf-dist/tex/generic/oberdiek/kvsetkeys.sty
Package: kvsetkeys 2012/04/25 v1.16 Key value parser (HO)

(/usr/local/texlive/2014/texmf-dist/tex/generic/oberdiek/etexcmds.sty
Package: etexcmds 2011/02/16 v1.5 Avoid name clashes with e-TeX commands (HO)
Package etexcmds Info: Could not find \expanded.
(etexcmds)             That can mean that you are not using pdfTeX 1.50 or
(etexcmds)             that some package has redefined \expanded.
(etexcmds)             In the latter case, load this package earlier.
)))
Package grfext Info: Graphics extension search list:
(grfext)             [.png,.pdf,.jpg,.mps,.jpeg,.jbig2,.jb2,.PNG,.PDF,.JPG,.JPE
G,.JBIG2,.JB2,.eps]
(grfext)             \AppendGraphicsExtensions on input line 452.

(/usr/local/texlive/2014/texmf-dist/tex/latex/latexconfig/epstopdf-sys.cfg
File: epstopdf-sys.cfg 2010/07/13 v1.3 Configuration of (r)epstopdf for TeX Liv
e
))
LaTeX Font Info:    External font `cmex10' loaded for size
(Font)              <14.4> on input line 26.
LaTeX Font Info:    External font `cmex10' loaded for size
(Font)              <7> on input line 26.
LaTeX Font Info:    Font shape `OT1/ptm/bx/n' in size <17.28> not available
(Font)              Font shape `OT1/ptm/b/n' tried instead on input line 28.
LaTeX Font Info:    External font `cmex10' loaded for size
(Font)              <10.95> on input line 43.
LaTeX Font Info:    External font `cmex10' loaded for size
(Font)              <8> on input line 43.
LaTeX Font Info:    External font `cmex10' loaded for size
(Font)              <6> on input line 43.
LaTeX Font Info:    Font shape `OT1/ptm/bx/n' in size <10.95> not available
(Font)              Font shape `OT1/ptm/b/n' tried instead on input line 45.

Overfull \hbox (8.63359pt too wide) in paragraph at lines 43--56
 [][] 
 []

LaTeX Font Info:    External font `cmex10' loaded for size
(Font)              <12> on input line 56.

Overfull \hbox (16.55223pt too wide) in paragraph at lines 86--100
 [][] 
 []

[1

{/usr/local/texlive/2014/texmf-var/fonts/map/pdftex/updmap/pdftex.map}]
[2] [3] <SUPP_fig_01_map_sitelocs.png, id=16, 500.8311pt x 501.7947pt>
File: SUPP_fig_01_map_sitelocs.png Graphic file (type png)

<use SUPP_fig_01_map_sitelocs.png>
Package pdftex.def Info: SUPP_fig_01_map_sitelocs.png used on input line 162.
(pdftex.def)             Requested size: 1001.65976pt x 1003.58694pt.

<SUPP_fig_02_numobs.png, id=17, 622.2447pt x 465.6597pt>
File: SUPP_fig_02_numobs.png Graphic file (type png)

<use SUPP_fig_02_numobs.png>
Package pdftex.def Info: SUPP_fig_02_numobs.png used on input line 168.
(pdftex.def)             Requested size: 1244.48639pt x 931.31711pt.

<SUPP_fig_03_core_vs_sites.png, id=18, 1877.3337pt x 1344.4629pt>
File: SUPP_fig_03_core_vs_sites.png Graphic file (type png)

<use SUPP_fig_03_core_vs_sites.png>
Package pdftex.def Info: SUPP_fig_03_core_vs_sites.png used on input line 174.
(pdftex.def)             Requested size: 3754.65826pt x 2688.91925pt.

<SUPP_fig_04_ALS_MJJ_climate.png, id=19, 1246.6575pt x 1630.4112pt>
File: SUPP_fig_04_ALS_MJJ_climate.png Graphic file (type png)

<use SUPP_fig_04_ALS_MJJ_climate.png>
Package pdftex.def Info: SUPP_fig_04_ALS_MJJ_climate.png used on input line 180
.
(pdftex.def)             Requested size: 2493.30893pt x 3260.81445pt.


LaTeX Warning: Float too large for page by 7.63774pt on input line 182.

<SUPP_fig_05_Bor_MJJ_climate.png, id=20, 1246.6575pt x 1630.4112pt>
File: SUPP_fig_05_Bor_MJJ_climate.png Graphic file (type png)

<use SUPP_fig_05_Bor_MJJ_climate.png>
Package pdftex.def Info: SUPP_fig_05_Bor_MJJ_climate.png used on input line 186
.
(pdftex.def)             Requested size: 2493.30893pt x 3260.81445pt.

<SUPP_fig_06_Bur_MJJ_climate.png, id=21, 1246.6575pt x 1630.4112pt>
File: SUPP_fig_06_Bur_MJJ_climate.png Graphic file (type png)

<use SUPP_fig_06_Bur_MJJ_climate.png>
Package pdftex.def Info: SUPP_fig_06_Bur_MJJ_climate.png used on input line 192
.
(pdftex.def)             Requested size: 2493.30893pt x 3260.81445pt.

<SUPP_fig_07_Cha1_MJJ_climate.png, id=22, 1246.6575pt x 1630.4112pt>
File: SUPP_fig_07_Cha1_MJJ_climate.png Graphic file (type png)

<use SUPP_fig_07_Cha1_MJJ_climate.png>
Package pdftex.def Info: SUPP_fig_07_Cha1_MJJ_climate.png used on input line 19
8.
(pdftex.def)             Requested size: 2493.30893pt x 3260.81445pt.

<SUPP_fig_08_LLV_MJJ_climate.png, id=23, 1246.6575pt x 1630.4112pt>
File: SUPP_fig_08_LLV_MJJ_climate.png Graphic file (type png)

<use SUPP_fig_08_LLV_MJJ_climate.png>
Package pdftex.def Info: SUPP_fig_08_LLV_MJJ_climate.png used on input line 204
.
(pdftex.def)             Requested size: 2493.30893pt x 3260.81445pt.

<SUPP_fig_09_SRv_MJJ_climate.png, id=24, 1246.6575pt x 1630.4112pt>
File: SUPP_fig_09_SRv_MJJ_climate.png Graphic file (type png)

<use SUPP_fig_09_SRv_MJJ_climate.png>
Package pdftex.def Info: SUPP_fig_09_SRv_MJJ_climate.png used on input line 210
.
(pdftex.def)             Requested size: 2493.30893pt x 3260.81445pt.

<SUPP_fig_10_SWi_MJJ_climate.png, id=25, 1246.6575pt x 1630.4112pt>
File: SUPP_fig_10_SWi_MJJ_climate.png Graphic file (type png)

<use SUPP_fig_10_SWi_MJJ_climate.png>
Package pdftex.def Info: SUPP_fig_10_SWi_MJJ_climate.png used on input line 216
.
(pdftex.def)             Requested size: 2493.30893pt x 3260.81445pt.

<SUPP_fig_11_temp_vs_moist_MJJ.png, id=26, 836.1639pt x 758.835pt>
File: SUPP_fig_11_temp_vs_moist_MJJ.png Graphic file (type png)

<use SUPP_fig_11_temp_vs_moist_MJJ.png>
Package pdftex.def Info: SUPP_fig_11_temp_vs_moist_MJJ.png used on input line 2
22.
(pdftex.def)             Requested size: 1672.3237pt x 1517.66632pt.

<SUPP_fig_12_JJA_clim_regplots.png, id=27, 1215.5814pt x 768.9528pt>
File: SUPP_fig_12_JJA_clim_regplots.png Graphic file (type png)

<use SUPP_fig_12_JJA_clim_regplots.png>
Package pdftex.def Info: SUPP_fig_12_JJA_clim_regplots.png used on input line 2
28.
(pdftex.def)             Requested size: 2431.15689pt x 1537.90186pt.

<SUPP_fig_13_temp_vs_moist_JJA.png, id=28, 836.1639pt x 758.835pt>
File: SUPP_fig_13_temp_vs_moist_JJA.png Graphic file (type png)

<use SUPP_fig_13_temp_vs_moist_JJA.png>
Package pdftex.def Info: SUPP_fig_13_temp_vs_moist_JJA.png used on input line 2
34.
(pdftex.def)             Requested size: 1672.3237pt x 1517.66632pt.

<SUPP_fig_14_JJA_boxplot_monte.png, id=29, 1410.7104pt x 1236.0579pt>
File: SUPP_fig_14_JJA_boxplot_monte.png Graphic file (type png)

<use SUPP_fig_14_JJA_boxplot_monte.png>
Package pdftex.def Info: SUPP_fig_14_JJA_boxplot_monte.png used on input line 2
40.
(pdftex.def)             Requested size: 2821.41394pt x 2472.10977pt.
 [4] [5 <./SUPP_fig_01_map_sitelocs.png (PNG copy)>] [6 <./SUPP_fig_02_numobs.p
ng (PNG copy)>] [7 <./SUPP_fig_03_core_vs_sites.png (PNG copy)>] [8 <./SUPP_fig
_04_ALS_MJJ_climate.png (PNG copy)>]
[9 <./SUPP_fig_05_Bor_MJJ_climate.png (PNG copy)>] [10 <./SUPP_fig_06_Bur_MJJ_c
limate.png (PNG copy)>] [11 <./SUPP_fig_07_Cha1_MJJ_climate.png (PNG copy)>]
[12 <./SUPP_fig_08_LLV_MJJ_climate.png (PNG copy)>] [13 <./SUPP_fig_09_SRv_MJJ_
climate.png (PNG copy)>] [14 <./SUPP_fig_10_SWi_MJJ_climate.png (PNG copy)>]
[15 <./SUPP_fig_11_temp_vs_moist_MJJ.png (PNG copy)>] [16 <./SUPP_fig_12_JJA_cl
im_regplots.png (PNG copy)>] [17 <./SUPP_fig_13_temp_vs_moist_JJA.png (PNG copy
)>] [18 <./SUPP_fig_14_JJA_boxplot_monte.png (PNG copy)>]
(./cook_etal_SM_v01.aux) ) 
Here is how much of TeX's memory you used:
 1794 strings out of 493117
 26999 string characters out of 6135433
 95526 words of memory out of 5000000
 5231 multiletter control sequences out of 15000+600000
 19889 words of font info for 44 fonts, out of 8000000 for 9000
 1141 hyphenation exceptions out of 8191
 38i,10n,23p,872b,343s stack positions out of 5000i,500n,10000p,200000b,80000s
{/usr/local/texlive/2014/texmf-dist/fonts/enc/dvips/b
ase/8r.enc}</usr/local/texlive/2014/texmf-dist/fonts/type1/public/amsfonts/cm/c
mmi10.pfb></usr/local/texlive/2014/texmf-dist/fonts/type1/public/amsfonts/cm/cm
r10.pfb></usr/local/texlive/2014/texmf-dist/fonts/type1/urw/times/utmb8a.pfb></
usr/local/texlive/2014/texmf-dist/fonts/type1/urw/times/utmr8a.pfb>
Output written on cook_etal_SM_v01.pdf (18 pages, 22643257 bytes).
PDF statistics:
 93 PDF objects out of 1000 (max. 8388607)
 54 compressed objects within 1 object stream
 0 named destinations out of 1000 (max. 500000)
 71 words of extra memory for PDF output out of 10000 (max. 10000000)

